#
# There is insufficient memory for the Java Runtime Environment to continue.
# Native memory allocation (malloc) failed to allocate 48432 bytes for Chunk::new
# Possible reasons:
#   The system is out of physical RAM or swap space
#   The process is running with CompressedOops enabled, and the Java Heap may be blocking the growth of the native heap
# Possible solutions:
#   Reduce memory load on the system
#   Increase physical memory or swap space
#   Check if swap backing store is full
#   Decrease Java heap size (-Xmx/-Xms)
#   Decrease number of Java threads
#   Decrease Java thread stack sizes (-Xss)
#   Set larger code cache with -XX:ReservedCodeCacheSize=
#   JVM is running with Unscaled Compressed Oops mode in which the Java heap is
#     placed in the first 4GB address space. The Java Heap base address is the
#     maximum limit for the native heap growth. Please use -XX:HeapBaseMinAddress
#     to set the Java Heap base and to place the Java Heap above 4GB virtual address.
# This output file may be truncated or incomplete.
#
#  Out of Memory Error (./src/hotspot/share/memory/arena.cpp:197), pid=5216, tid=12888
#
# JRE version: OpenJDK Runtime Environment Corretto-11.0.18.10.1 (11.0.18+10) (build 11.0.18+10-LTS)
# Java VM: OpenJDK 64-Bit Server VM Corretto-11.0.18.10.1 (11.0.18+10-LTS, mixed mode, tiered, compressed oops, g1 gc, windows-amd64)
# No core dump will be written. Minidumps are not enabled by default on client versions of Windows
#

---------------  S U M M A R Y ------------

Command Line: -ea -Didea.test.cyclic.buffer.size=1048576 -javaagent:C:\Program Files\JetBrains\IntelliJ IDEA Community Edition 2022.3.2\lib\idea_rt.jar=51306:C:\Program Files\JetBrains\IntelliJ IDEA Community Edition 2022.3.2\bin -Dfile.encoding=UTF-8 com.intellij.rt.junit.JUnitStarter -ideVersion5 -junit5 ru.netology.javaqadiplom.SavingAccountTest,shouldNotAddBalanceAboveMaxBalance

Host: Intel(R) Celeron(R) N4020 CPU @ 1.10GHz, 2 cores, 3G,  Windows 10 , 64 bit Build 19041 (10.0.19041.2546)
Time: Tue May 16 09:10:14 2023 RTZ 2 (s 10 , 64 bit Build 19041 (10.0.19041.2546) elapsed time: 0.921433 seconds (0d 0h 0m 0s)

---------------  T H R E A D  ---------------

Current thread (0x000002466e665800):  JavaThread "C1 CompilerThread0" daemon [_thread_in_native, id=12888, stack(0x000000a51f900000,0x000000a51fa00000)]


Current CompileTask:
C1:    921  668       3       java.net.URLStreamHandler::parseURL (1201 bytes)

Stack: [0x000000a51f900000,0x000000a51fa00000]
Native frames: (J=compiled Java code, j=interpreted, Vv=VM code, C=native code)
V  [jvm.dll+0x622d9a]
V  [jvm.dll+0x7b0289]
V  [jvm.dll+0x7b1978]
V  [jvm.dll+0x7b2053]
V  [jvm.dll+0x24fe08]
V  [jvm.dll+0xc264c]
V  [jvm.dll+0xc2c0c]
V  [jvm.dll+0x171aa4]
V  [jvm.dll+0x17059b]
V  [jvm.dll+0x12ada5]
V  [jvm.dll+0x12a61f]
V  [jvm.dll+0x12a84f]
V  [jvm.dll+0x129af4]
V  [jvm.dll+0x12ba07]
V  [jvm.dll+0x217ac4]
V  [jvm.dll+0x215d0b]
V  [jvm.dll+0x772d90]
V  [jvm.dll+0x76bcc4]
V  [jvm.dll+0x621c05]
C  [ucrtbase.dll+0x21bb2]
C  [KERNEL32.DLL+0x17614]
C  [ntdll.dll+0x526a1]


---------------  P R O C E S S  ---------------

Threads class SMR info:
_java_thread_list=0x000002466e9f2f90, length=11, elements={
0x00000246519fb800, 0x000002466e5a8000, 0x000002466e5d3800, 0x000002466e62c000,
0x000002466e62d000, 0x000002466e62e000, 0x000002466e632000, 0x000002466e665800,
0x000002466e7b8800, 0x000002466e8d1000, 0x000002466e9c8800
}

Java Threads: ( => current thread )
  0x00000246519fb800 JavaThread "main" [_thread_in_Java, id=16336, stack(0x000000a51ec00000,0x000000a51ed00000)]
  0x000002466e5a8000 JavaThread "Reference Handler" daemon [_thread_blocked, id=12472, stack(0x000000a51f300000,0x000000a51f400000)]
  0x000002466e5d3800 JavaThread "Finalizer" daemon [_thread_blocked, id=9756, stack(0x000000a51f400000,0x000000a51f500000)]
  0x000002466e62c000 JavaThread "Signal Dispatcher" daemon [_thread_blocked, id=3916, stack(0x000000a51f500000,0x000000a51f600000)]
  0x000002466e62d000 JavaThread "Attach Listener" daemon [_thread_blocked, id=14440, stack(0x000000a51f600000,0x000000a51f700000)]
  0x000002466e62e000 JavaThread "Service Thread" daemon [_thread_blocked, id=11308, stack(0x000000a51f700000,0x000000a51f800000)]
  0x000002466e632000 JavaThread "C2 CompilerThread0" daemon [_thread_blocked, id=23212, stack(0x000000a51f800000,0x000000a51f900000)]
=>0x000002466e665800 JavaThread "C1 CompilerThread0" daemon [_thread_in_native, id=12888, stack(0x000000a51f900000,0x000000a51fa00000)]
  0x000002466e7b8800 JavaThread "Sweeper thread" daemon [_thread_blocked, id=15552, stack(0x000000a51fa00000,0x000000a51fb00000)]
  0x000002466e8d1000 JavaThread "Common-Cleaner" daemon [_thread_blocked, id=9932, stack(0x000000a51fb00000,0x000000a51fc00000)]
  0x000002466e9c8800 JavaThread "Monitor Ctrl-Break" daemon [_thread_in_native, id=13076, stack(0x000000a51fc00000,0x000000a51fd00000)]

Other Threads:
  0x000002466e5a6800 VMThread "VM Thread" [stack: 0x000000a51f200000,0x000000a51f300000] [id=1420]
  0x000002466e9c9800 WatcherThread [stack: 0x000000a51fd00000,0x000000a51fe00000] [id=18492]
  0x0000024651a15800 GCTaskThread "GC Thread#0" [stack: 0x000000a51ed00000,0x000000a51ee00000] [id=23300]
  0x000002466ede2800 GCTaskThread "GC Thread#1" [stack: 0x000000a51fe00000,0x000000a51ff00000] [id=14608]
  0x0000024651a2e800 ConcurrentGCThread "G1 Main Marker" [stack: 0x000000a51ee00000,0x000000a51ef00000] [id=22404]
  0x0000024651a30800 ConcurrentGCThread "G1 Conc#0" [stack: 0x000000a51ef00000,0x000000a51f000000] [id=5628]
  0x0000024651a6f800 ConcurrentGCThread "G1 Refine#0" [stack: 0x000000a51f000000,0x000000a51f100000] [id=11420]
  0x0000024651a70800 ConcurrentGCThread "G1 Young RemSet Sampling" [stack: 0x000000a51f100000,0x000000a51f200000] [id=22136]

Threads with active compile tasks:
C1 CompilerThread0      973  668       3       java.net.URLStreamHandler::parseURL (1201 bytes)

VM state:not at safepoint (normal execution)

VM Mutex/Monitor currently owned by a thread: None

Heap address: 0x00000000c2c00000, size: 980 MB, Compressed Oops mode: 32-bit
Narrow klass base: 0x0000000000000000, Narrow klass shift: 3
Compressed class space size: 1073741824 Address: 0x0000000100000000

Heap:
 garbage-first heap   total 63488K, used 2831K [0x00000000c2c00000, 0x0000000100000000)
  region size 1024K, 3 young (3072K), 1 survivors (1024K)
 Metaspace       used 10157K, capacity 10479K, committed 10624K, reserved 1058816K
  class space    used 965K, capacity 1072K, committed 1152K, reserved 1048576K
Heap Regions: E=young(eden), S=young(survivor), O=old, HS=humongous(starts), HC=humongous(continues), CS=collection set, F=free, A=archive, TAMS=top-at-mark-start (previous, next)
|   0|0x00000000c2c00000, 0x00000000c2cc3e00, 0x00000000c2d00000| 76%| O|  |TAMS 0x00000000c2c00000, 0x00000000c2c00000| Untracked 
|   1|0x00000000c2d00000, 0x00000000c2d00000, 0x00000000c2e00000|  0%| F|  |TAMS 0x00000000c2d00000, 0x00000000c2d00000| Untracked 
|   2|0x00000000c2e00000, 0x00000000c2e00000, 0x00000000c2f00000|  0%| F|  |TAMS 0x00000000c2e00000, 0x00000000c2e00000| Untracked 
|   3|0x00000000c2f00000, 0x00000000c2f00000, 0x00000000c3000000|  0%| F|  |TAMS 0x00000000c2f00000, 0x00000000c2f00000| Untracked 
|   4|0x00000000c3000000, 0x00000000c3000000, 0x00000000c3100000|  0%| F|  |TAMS 0x00000000c3000000, 0x00000000c3000000| Untracked 
|   5|0x00000000c3100000, 0x00000000c3100000, 0x00000000c3200000|  0%| F|  |TAMS 0x00000000c3100000, 0x00000000c3100000| Untracked 
|   6|0x00000000c3200000, 0x00000000c3200000, 0x00000000c3300000|  0%| F|  |TAMS 0x00000000c3200000, 0x00000000c3200000| Untracked 
|   7|0x00000000c3300000, 0x00000000c3300000, 0x00000000c3400000|  0%| F|  |TAMS 0x00000000c3300000, 0x00000000c3300000| Untracked 
|   8|0x00000000c3400000, 0x00000000c3400000, 0x00000000c3500000|  0%| F|  |TAMS 0x00000000c3400000, 0x00000000c3400000| Untracked 
|   9|0x00000000c3500000, 0x00000000c3500000, 0x00000000c3600000|  0%| F|  |TAMS 0x00000000c3500000, 0x00000000c3500000| Untracked 
|  10|0x00000000c3600000, 0x00000000c3600000, 0x00000000c3700000|  0%| F|  |TAMS 0x00000000c3600000, 0x00000000c3600000| Untracked 
|  11|0x00000000c3700000, 0x00000000c3700000, 0x00000000c3800000|  0%| F|  |TAMS 0x00000000c3700000, 0x00000000c3700000| Untracked 
|  12|0x00000000c3800000, 0x00000000c3800000, 0x00000000c3900000|  0%| F|  |TAMS 0x00000000c3800000, 0x00000000c3800000| Untracked 
|  13|0x00000000c3900000, 0x00000000c3900000, 0x00000000c3a00000|  0%| F|  |TAMS 0x00000000c3900000, 0x00000000c3900000| Untracked 
|  14|0x00000000c3a00000, 0x00000000c3a00000, 0x00000000c3b00000|  0%| F|  |TAMS 0x00000000c3a00000, 0x00000000c3a00000| Untracked 
|  15|0x00000000c3b00000, 0x00000000c3b00000, 0x00000000c3c00000|  0%| F|  |TAMS 0x00000000c3b00000, 0x00000000c3b00000| Untracked 
|  16|0x00000000c3c00000, 0x00000000c3c00000, 0x00000000c3d00000|  0%| F|  |TAMS 0x00000000c3c00000, 0x00000000c3c00000| Untracked 
|  17|0x00000000c3d00000, 0x00000000c3d00000, 0x00000000c3e00000|  0%| F|  |TAMS 0x00000000c3d00000, 0x00000000c3d00000| Untracked 
|  18|0x00000000c3e00000, 0x00000000c3e00000, 0x00000000c3f00000|  0%| F|  |TAMS 0x00000000c3e00000, 0x00000000c3e00000| Untracked 
|  19|0x00000000c3f00000, 0x00000000c3f00000, 0x00000000c4000000|  0%| F|  |TAMS 0x00000000c3f00000, 0x00000000c3f00000| Untracked 
|  20|0x00000000c4000000, 0x00000000c4000000, 0x00000000c4100000|  0%| F|  |TAMS 0x00000000c4000000, 0x00000000c4000000| Untracked 
|  21|0x00000000c4100000, 0x00000000c4100000, 0x00000000c4200000|  0%| F|  |TAMS 0x00000000c4100000, 0x00000000c4100000| Untracked 
|  22|0x00000000c4200000, 0x00000000c4200000, 0x00000000c4300000|  0%| F|  |TAMS 0x00000000c4200000, 0x00000000c4200000| Untracked 
|  23|0x00000000c4300000, 0x00000000c4300000, 0x00000000c4400000|  0%| F|  |TAMS 0x00000000c4300000, 0x00000000c4300000| Untracked 
|  24|0x00000000c4400000, 0x00000000c4400000, 0x00000000c4500000|  0%| F|  |TAMS 0x00000000c4400000, 0x00000000c4400000| Untracked 
|  25|0x00000000c4500000, 0x00000000c4500000, 0x00000000c4600000|  0%| F|  |TAMS 0x00000000c4500000, 0x00000000c4500000| Untracked 
|  26|0x00000000c4600000, 0x00000000c4600000, 0x00000000c4700000|  0%| F|  |TAMS 0x00000000c4600000, 0x00000000c4600000| Untracked 
|  27|0x00000000c4700000, 0x00000000c4700000, 0x00000000c4800000|  0%| F|  |TAMS 0x00000000c4700000, 0x00000000c4700000| Untracked 
|  28|0x00000000c4800000, 0x00000000c4800000, 0x00000000c4900000|  0%| F|  |TAMS 0x00000000c4800000, 0x00000000c4800000| Untracked 
|  29|0x00000000c4900000, 0x00000000c4900000, 0x00000000c4a00000|  0%| F|  |TAMS 0x00000000c4900000, 0x00000000c4900000| Untracked 
|  30|0x00000000c4a00000, 0x00000000c4a00000, 0x00000000c4b00000|  0%| F|  |TAMS 0x00000000c4a00000, 0x00000000c4a00000| Untracked 
|  31|0x00000000c4b00000, 0x00000000c4b00000, 0x00000000c4c00000|  0%| F|  |TAMS 0x00000000c4b00000, 0x00000000c4b00000| Untracked 
|  32|0x00000000c4c00000, 0x00000000c4c00000, 0x00000000c4d00000|  0%| F|  |TAMS 0x00000000c4c00000, 0x00000000c4c00000| Untracked 
|  33|0x00000000c4d00000, 0x00000000c4d00000, 0x00000000c4e00000|  0%| F|  |TAMS 0x00000000c4d00000, 0x00000000c4d00000| Untracked 
|  34|0x00000000c4e00000, 0x00000000c4e00000, 0x00000000c4f00000|  0%| F|  |TAMS 0x00000000c4e00000, 0x00000000c4e00000| Untracked 
|  35|0x00000000c4f00000, 0x00000000c4f00000, 0x00000000c5000000|  0%| F|  |TAMS 0x00000000c4f00000, 0x00000000c4f00000| Untracked 
|  36|0x00000000c5000000, 0x00000000c5000000, 0x00000000c5100000|  0%| F|  |TAMS 0x00000000c5000000, 0x00000000c5000000| Untracked 
|  37|0x00000000c5100000, 0x00000000c5100000, 0x00000000c5200000|  0%| F|  |TAMS 0x00000000c5100000, 0x00000000c5100000| Untracked 
|  38|0x00000000c5200000, 0x00000000c5200000, 0x00000000c5300000|  0%| F|  |TAMS 0x00000000c5200000, 0x00000000c5200000| Untracked 
|  39|0x00000000c5300000, 0x00000000c5300000, 0x00000000c5400000|  0%| F|  |TAMS 0x00000000c5300000, 0x00000000c5300000| Untracked 
|  40|0x00000000c5400000, 0x00000000c5400000, 0x00000000c5500000|  0%| F|  |TAMS 0x00000000c5400000, 0x00000000c5400000| Untracked 
|  41|0x00000000c5500000, 0x00000000c5500000, 0x00000000c5600000|  0%| F|  |TAMS 0x00000000c5500000, 0x00000000c5500000| Untracked 
|  42|0x00000000c5600000, 0x00000000c5600000, 0x00000000c5700000|  0%| F|  |TAMS 0x00000000c5600000, 0x00000000c5600000| Untracked 
|  43|0x00000000c5700000, 0x00000000c5700000, 0x00000000c5800000|  0%| F|  |TAMS 0x00000000c5700000, 0x00000000c5700000| Untracked 
|  44|0x00000000c5800000, 0x00000000c5800000, 0x00000000c5900000|  0%| F|  |TAMS 0x00000000c5800000, 0x00000000c5800000| Untracked 
|  45|0x00000000c5900000, 0x00000000c5900000, 0x00000000c5a00000|  0%| F|  |TAMS 0x00000000c5900000, 0x00000000c5900000| Untracked 
|  46|0x00000000c5a00000, 0x00000000c5a00000, 0x00000000c5b00000|  0%| F|  |TAMS 0x00000000c5a00000, 0x00000000c5a00000| Untracked 
|  47|0x00000000c5b00000, 0x00000000c5b00000, 0x00000000c5c00000|  0%| F|  |TAMS 0x00000000c5b00000, 0x00000000c5b00000| Untracked 
|  48|0x00000000c5c00000, 0x00000000c5c00000, 0x00000000c5d00000|  0%| F|  |TAMS 0x00000000c5c00000, 0x00000000c5c00000| Untracked 
|  49|0x00000000c5d00000, 0x00000000c5d00000, 0x00000000c5e00000|  0%| F|  |TAMS 0x00000000c5d00000, 0x00000000c5d00000| Untracked 
|  50|0x00000000c5e00000, 0x00000000c5e00000, 0x00000000c5f00000|  0%| F|  |TAMS 0x00000000c5e00000, 0x00000000c5e00000| Untracked 
|  51|0x00000000c5f00000, 0x00000000c5f00000, 0x00000000c6000000|  0%| F|  |TAMS 0x00000000c5f00000, 0x00000000c5f00000| Untracked 
|  52|0x00000000c6000000, 0x00000000c6000000, 0x00000000c6100000|  0%| F|  |TAMS 0x00000000c6000000, 0x00000000c6000000| Untracked 
|  53|0x00000000c6100000, 0x00000000c6100000, 0x00000000c6200000|  0%| F|  |TAMS 0x00000000c6100000, 0x00000000c6100000| Untracked 
|  54|0x00000000c6200000, 0x00000000c6300000, 0x00000000c6300000|100%| S|CS|TAMS 0x00000000c6200000, 0x00000000c6200000| Complete 
|  55|0x00000000c6300000, 0x00000000c6300000, 0x00000000c6400000|  0%| F|  |TAMS 0x00000000c6300000, 0x00000000c6300000| Untracked 
|  56|0x00000000c6400000, 0x00000000c6400000, 0x00000000c6500000|  0%| F|  |TAMS 0x00000000c6400000, 0x00000000c6400000| Untracked 
|  57|0x00000000c6500000, 0x00000000c6500000, 0x00000000c6600000|  0%| F|  |TAMS 0x00000000c6500000, 0x00000000c6500000| Untracked 
|  58|0x00000000c6600000, 0x00000000c6600000, 0x00000000c6700000|  0%| F|  |TAMS 0x00000000c6600000, 0x00000000c6600000| Untracked 
|  59|0x00000000c6700000, 0x00000000c6700000, 0x00000000c6800000|  0%| F|  |TAMS 0x00000000c6700000, 0x00000000c6700000| Untracked 
|  60|0x00000000c6800000, 0x00000000c6880800, 0x00000000c6900000| 50%| E|  |TAMS 0x00000000c6800000, 0x00000000c6800000| Complete 
|  61|0x00000000c6900000, 0x00000000c6a00000, 0x00000000c6a00000|100%| E|CS|TAMS 0x00000000c6900000, 0x00000000c6900000| Complete 

Card table byte_map: [0x00000246697a0000,0x0000024669990000] _byte_map_base: 0x000002466918a000

Marking Bits (Prev, Next): (CMBitMap*) 0x0000024651a29e38, (CMBitMap*) 0x0000024651a29e70
 Prev Bits: [0x0000024669b80000, 0x000002466aad0000)
 Next Bits: [0x000002466aad0000, 0x000002466ba20000)

Polling page: 0x0000024651ae0000

Metaspace:

Usage:
  Non-class:      9.19 MB capacity,     8.98 MB ( 98%) used,   195.88 KB (  2%) free+waste,    19.06 KB ( <1%) overhead. 
      Class:      1.05 MB capacity,   965.77 KB ( 90%) used,    96.73 KB (  9%) free+waste,     9.50 KB ( <1%) overhead. 
       Both:     10.23 MB capacity,     9.92 MB ( 97%) used,   292.60 KB (  3%) free+waste,    28.56 KB ( <1%) overhead. 

Virtual space:
  Non-class space:       10.00 MB reserved,       9.25 MB ( 93%) committed 
      Class space:        1.00 GB reserved,       1.13 MB ( <1%) committed 
             Both:        1.01 GB reserved,      10.38 MB (  1%) committed 

Chunk freelists:
   Non-Class:  1.00 KB
       Class:  16.00 KB
        Both:  17.00 KB

MaxMetaspaceSize: 17179869184.00 GB
CompressedClassSpaceSize: 1.00 GB
Initial GC threshold: 20.80 MB
Current GC threshold: 20.80 MB
CDS: off

CodeHeap 'non-profiled nmethods': size=120064Kb used=201Kb max_used=201Kb free=119862Kb
 bounds [0x0000024661c60000, 0x0000024661ed0000, 0x00000246691a0000]
CodeHeap 'profiled nmethods': size=120000Kb used=1075Kb max_used=1075Kb free=118924Kb
 bounds [0x000002465a730000, 0x000002465a9a0000, 0x0000024661c60000]
CodeHeap 'non-nmethods': size=5696Kb used=1117Kb max_used=1129Kb free=4578Kb
 bounds [0x000002465a1a0000, 0x000002465a410000, 0x000002465a730000]
 total_blobs=1037 nmethods=670 adapters=281
 compilation: enabled
              stopped_count=0, restarted_count=0
 full_count=0

Compilation events (20 events):
Event: 0.882 Thread 0x000002466e665800 nmethod 657 0x000002465a835e10 code [0x000002465a835fc0, 0x000002465a8361f8]
Event: 0.890 Thread 0x000002466e665800  658       3       java.lang.invoke.InnerClassLambdaMetafactory::getOpcodeOffset (38 bytes)
Event: 0.890 Thread 0x000002466e665800 nmethod 658 0x000002465a836310 code [0x000002465a8364e0, 0x000002465a836758]
Event: 0.891 Thread 0x000002466e665800  660       3       java.lang.String::startsWith (138 bytes)
Event: 0.892 Thread 0x000002466e665800 nmethod 660 0x000002465a836810 code [0x000002465a836a40, 0x000002465a8373f8]
Event: 0.893 Thread 0x000002466e632000 nmethod 647 0x0000024661c8e510 code [0x0000024661c8e6e0, 0x0000024661c8f298]
Event: 0.893 Thread 0x000002466e632000  654       4       java.lang.String::getBytes (44 bytes)
Event: 0.895 Thread 0x000002466e632000 nmethod 654 0x0000024661c8f590 code [0x0000024661c8f720, 0x0000024661c8f818]
Event: 0.897 Thread 0x000002466e665800  662       3       jdk.internal.org.objectweb.asm.ClassWriter::visitMethod (20 bytes)
Event: 0.897 Thread 0x000002466e665800 nmethod 662 0x000002465a837710 code [0x000002465a8378c0, 0x000002465a837aa8]
Event: 0.897 Thread 0x000002466e665800  663       3       jdk.internal.org.objectweb.asm.MethodVisitor::<init> (7 bytes)
Event: 0.898 Thread 0x000002466e665800 nmethod 663 0x000002465a837b90 code [0x000002465a837d60, 0x000002465a838088]
Event: 0.898 Thread 0x000002466e665800  664       3       jdk.internal.org.objectweb.asm.MethodWriter::visitMaxs (1144 bytes)
Event: 0.899 Thread 0x000002466e632000  666       4       java.lang.StringBuilder::append (8 bytes)
Event: 0.902 Thread 0x000002466e665800 nmethod 664 0x000002465a838190 code [0x000002465a8386a0, 0x000002465a83afc8]
Event: 0.902 Thread 0x000002466e665800  665       3       jdk.internal.org.objectweb.asm.MethodWriter::visitEnd (1 bytes)
Event: 0.902 Thread 0x000002466e665800 nmethod 665 0x000002465a83c910 code [0x000002465a83cac0, 0x000002465a83cbb8]
Event: 0.904 Thread 0x000002466e665800  668       3       java.net.URLStreamHandler::parseURL (1201 bytes)
Event: 0.908 Thread 0x000002466e632000 nmethod 666 0x0000024661c8fd10 code [0x0000024661c8fec0, 0x0000024661c90428]
Event: 0.908 Thread 0x000002466e632000  667       4       java.lang.AbstractStringBuilder::append (45 bytes)

GC Heap History (2 events):
Event: 0.854 GC heap before
{Heap before GC invocations=0 (full 0):
 garbage-first heap   total 63488K, used 7168K [0x00000000c2c00000, 0x0000000100000000)
  region size 1024K, 7 young (7168K), 0 survivors (0K)
 Metaspace       used 9701K, capacity 9955K, committed 9984K, reserved 1058816K
  class space    used 915K, capacity 1024K, committed 1024K, reserved 1048576K
}
Event: 0.860 GC heap after
{Heap after GC invocations=1 (full 0):
 garbage-first heap   total 63488K, used 1807K [0x00000000c2c00000, 0x0000000100000000)
  region size 1024K, 1 young (1024K), 1 survivors (1024K)
 Metaspace       used 9701K, capacity 9955K, committed 9984K, reserved 1058816K
  class space    used 915K, capacity 1024K, committed 1024K, reserved 1048576K
}

Deoptimization events (20 events):
Event: 0.547 Thread 0x00000246519fb800 Uncommon trap: trap_request=0xffffffc6 fr.pc=0x0000024661c6a794 relative=0x0000000000000074
Event: 0.547 Thread 0x00000246519fb800 Uncommon trap: reason=bimorphic_or_optimized_type_check action=maybe_recompile pc=0x0000024661c6a794 method=java.util.AbstractCollection.isEmpty()Z @ 1 c2
Event: 0.547 Thread 0x00000246519fb800 DEOPT PACKING pc=0x0000024661c6a794 sp=0x000000a51ecfb420
Event: 0.548 Thread 0x00000246519fb800 DEOPT UNPACKING pc=0x000002465a1ea1a9 sp=0x000000a51ecfb3b0 mode 2
Event: 0.672 Thread 0x00000246519fb800 Uncommon trap: trap_request=0xffffff4d fr.pc=0x0000024661c6de6c relative=0x0000000000000c6c
Event: 0.672 Thread 0x00000246519fb800 Uncommon trap: reason=unstable_if action=reinterpret pc=0x0000024661c6de6c method=java.util.HashMap.putVal(ILjava/lang/Object;Ljava/lang/Object;ZZ)Ljava/lang/Object; @ 181 c2
Event: 0.672 Thread 0x00000246519fb800 DEOPT PACKING pc=0x0000024661c6de6c sp=0x000000a51ecfe220
Event: 0.672 Thread 0x00000246519fb800 DEOPT UNPACKING pc=0x000002465a1ea1a9 sp=0x000000a51ecfe1c0 mode 2
Event: 0.758 Thread 0x00000246519fb800 DEOPT PACKING pc=0x000002465a792e22 sp=0x000000a51ecfde80
Event: 0.758 Thread 0x00000246519fb800 DEOPT UNPACKING pc=0x000002465a1ea93f sp=0x000000a51ecfd2e8 mode 0
Event: 0.772 Thread 0x00000246519fb800 DEOPT PACKING pc=0x000002465a7736d0 sp=0x000000a51ecfde40
Event: 0.772 Thread 0x00000246519fb800 DEOPT UNPACKING pc=0x000002465a1ea93f sp=0x000000a51ecfd2c8 mode 0
Event: 0.776 Thread 0x00000246519fb800 DEOPT PACKING pc=0x000002465a77957f sp=0x000000a51ecfd950
Event: 0.777 Thread 0x00000246519fb800 DEOPT UNPACKING pc=0x000002465a1ea93f sp=0x000000a51ecfcda0 mode 0
Event: 0.789 Thread 0x00000246519fb800 DEOPT PACKING pc=0x000002465a77957f sp=0x000000a51ecfd2e0
Event: 0.789 Thread 0x00000246519fb800 DEOPT UNPACKING pc=0x000002465a1ea93f sp=0x000000a51ecfc730 mode 0
Event: 0.870 Thread 0x000002466e62d000 Uncommon trap: trap_request=0xffffff4d fr.pc=0x0000024661c8a5f0 relative=0x0000000000000230
Event: 0.870 Thread 0x000002466e62d000 Uncommon trap: reason=unstable_if action=reinterpret pc=0x0000024661c8a5f0 method=java.lang.String.startsWith(Ljava/lang/String;I)Z @ 14 c2
Event: 0.871 Thread 0x000002466e62d000 DEOPT PACKING pc=0x0000024661c8a5f0 sp=0x000000a51f6fe890
Event: 0.871 Thread 0x000002466e62d000 DEOPT UNPACKING pc=0x000002465a1ea1a9 sp=0x000000a51f6fe7f8 mode 2

Classes redefined (0 events):
No events

Internal exceptions (7 events):
Event: 0.490 Thread 0x00000246519fb800 Exception <a 'java/lang/NoSuchMethodError'{0x00000000c67c5578}: 'java.lang.Object java.lang.invoke.DirectMethodHandle$Holder.invokeStaticInit(java.lang.Object, int)'> (0x00000000c67c5578) thrown at [./src/hotspot/share/interpreter/linkResolver.cpp, line 773]
Event: 0.667 Thread 0x00000246519fb800 Exception <a 'java/lang/NoSuchMethodError'{0x00000000c6400470}: 'java.lang.Object java.lang.invoke.DirectMethodHandle$Holder.invokeStaticInit(java.lang.Object, java.lang.Object, java.lang.Object)'> (0x00000000c6400470) thrown at [./src/hotspot/share/interpreter/linkResolver.cpp, line 773]
Event: 0.671 Thread 0x00000246519fb800 Exception <a 'java/lang/NoSuchMethodError'{0x00000000c6407788}: 'void java.lang.invoke.DirectMethodHandle$Holder.invokeStaticInit(java.lang.Object, java.lang.Object, java.lang.Object)'> (0x00000000c6407788) thrown at [./src/hotspot/share/interpreter/linkResolver.cpp, line 773]
Event: 0.752 Thread 0x00000246519fb800 Exception <a 'java/lang/NoSuchMethodError'{0x00000000c6480328}: 'int java.lang.invoke.DirectMethodHandle$Holder.invokeVirtual(java.lang.Object, java.lang.Object)'> (0x00000000c6480328) thrown at [./src/hotspot/share/interpreter/linkResolver.cpp, line 773]
Event: 0.787 Thread 0x00000246519fb800 Exception <a 'java/lang/NoSuchMethodError'{0x00000000c6310420}: 'int java.lang.invoke.DirectMethodHandle$Holder.invokeSpecialIFC(java.lang.Object, java.lang.Object, java.lang.Object, java.lang.Object)'> (0x00000000c6310420) thrown at [./src/hotspot/share/interpreter/linkResolver.cpp, line 773]
Event: 0.836 Thread 0x00000246519fb800 Exception <a 'java/lang/NoSuchMethodError'{0x00000000c639aa98}: 'void java.lang.invoke.DirectMethodHandle$Holder.invokeInterface(java.lang.Object, java.lang.Object)'> (0x00000000c639aa98) thrown at [./src/hotspot/share/interpreter/linkResolver.cpp, line 773]
Event: 0.837 Thread 0x00000246519fb800 Exception <a 'java/lang/IncompatibleClassChangeError'{0x00000000c639d9a0}: Found class java.lang.Object, but interface was expected> (0x00000000c639d9a0) thrown at [./src/hotspot/share/interpreter/linkResolver.cpp, line 839]

Events (20 events):
Event: 0.889 loading class org/junit/platform/engine/DiscoverySelector
Event: 0.889 loading class org/junit/platform/engine/DiscoverySelector done
Event: 0.890 loading class org/junit/platform/engine/DiscoverySelector
Event: 0.890 loading class org/junit/platform/engine/DiscoverySelector done
Event: 0.891 loading class org/junit/platform/engine/discovery/UniqueIdSelector
Event: 0.891 loading class org/junit/platform/engine/discovery/UniqueIdSelector done
Event: 0.895 loading class org/junit/platform/engine/DiscoverySelector
Event: 0.895 loading class org/junit/platform/engine/DiscoverySelector done
Event: 0.895 loading class org/junit/platform/engine/support/discovery/SelectorResolver$Resolution
Event: 0.895 loading class org/junit/platform/engine/support/discovery/SelectorResolver$Resolution done
Event: 0.896 loading class org/junit/platform/engine/support/discovery/SelectorResolver
Event: 0.896 loading class org/junit/platform/engine/support/discovery/SelectorResolver done
Event: 0.896 loading class org/junit/platform/engine/support/discovery/EngineDiscoveryRequestResolution
Event: 0.896 loading class org/junit/platform/engine/support/discovery/EngineDiscoveryRequestResolution done
Event: 0.896 loading class org/junit/platform/engine/support/discovery/SelectorResolver$Resolution
Event: 0.896 loading class org/junit/platform/engine/support/discovery/SelectorResolver$Resolution done
Event: 0.898 loading class org/junit/platform/engine/discovery/ClasspathResourceSelector
Event: 0.898 loading class org/junit/platform/engine/discovery/ClasspathResourceSelector done
Event: 0.904 loading class org/junit/platform/engine/discovery/ClasspathRootSelector
Event: 0.904 loading class org/junit/platform/engine/discovery/ClasspathRootSelector done


Dynamic libraries:
0x00007ff7cf9c0000 - 0x00007ff7cf9cd000 	C:\Users\kcat5\.jdks\corretto-11.0.18\bin\java.exe
0x00007ff9ce6f0000 - 0x00007ff9ce8e8000 	C:\Windows\SYSTEM32\ntdll.dll
0x00007ff9ccac0000 - 0x00007ff9ccb7f000 	C:\Windows\System32\KERNEL32.DLL
0x00007ff9cc2e0000 - 0x00007ff9cc5b2000 	C:\Windows\System32\KERNELBASE.dll
0x00007ff9cc610000 - 0x00007ff9cc710000 	C:\Windows\System32\ucrtbase.dll
0x00007ff9bbc10000 - 0x00007ff9bbc27000 	C:\Users\kcat5\.jdks\corretto-11.0.18\bin\jli.dll
0x00007ff9cd2f0000 - 0x00007ff9cd491000 	C:\Windows\System32\USER32.dll
0x00007ff9cbdc0000 - 0x00007ff9cbde2000 	C:\Windows\System32\win32u.dll
0x00007ff9bab10000 - 0x00007ff9bab29000 	C:\Users\kcat5\.jdks\corretto-11.0.18\bin\VCRUNTIME140.dll
0x00007ff9cc900000 - 0x00007ff9cc92b000 	C:\Windows\System32\GDI32.dll
0x00007ff9cc160000 - 0x00007ff9cc26f000 	C:\Windows\System32\gdi32full.dll
0x00007ff9b9730000 - 0x00007ff9b99ca000 	C:\Windows\WinSxS\amd64_microsoft.windows.common-controls_6595b64144ccf1df_6.0.19041.1110_none_60b5254171f9507e\COMCTL32.dll
0x00007ff9cbe20000 - 0x00007ff9cbebd000 	C:\Windows\System32\msvcp_win.dll
0x00007ff9cd6e0000 - 0x00007ff9cd77e000 	C:\Windows\System32\msvcrt.dll
0x00007ff9cd4a0000 - 0x00007ff9cd4d0000 	C:\Windows\System32\IMM32.DLL
0x00007ff99b820000 - 0x00007ff99b8bb000 	C:\Users\kcat5\.jdks\corretto-11.0.18\bin\msvcp140.dll
0x00007ff95dc30000 - 0x00007ff95e7ba000 	C:\Users\kcat5\.jdks\corretto-11.0.18\bin\server\jvm.dll
0x00007ff9cd780000 - 0x00007ff9cd82e000 	C:\Windows\System32\ADVAPI32.dll
0x00007ff9cd4d0000 - 0x00007ff9cd56c000 	C:\Windows\System32\sechost.dll
0x00007ff9cd160000 - 0x00007ff9cd284000 	C:\Windows\System32\RPCRT4.dll
0x00007ff9cc840000 - 0x00007ff9cc848000 	C:\Windows\System32\PSAPI.DLL
0x00007ff9ba8d0000 - 0x00007ff9ba8d9000 	C:\Windows\SYSTEM32\WSOCK32.dll
0x00007ff9ba560000 - 0x00007ff9ba56a000 	C:\Windows\SYSTEM32\VERSION.dll
0x00007ff9b5ab0000 - 0x00007ff9b5ad7000 	C:\Windows\SYSTEM32\WINMM.dll
0x00007ff9cd0f0000 - 0x00007ff9cd15b000 	C:\Windows\System32\WS2_32.dll
0x00007ff9ca640000 - 0x00007ff9ca652000 	C:\Windows\SYSTEM32\kernel.appcore.dll
0x00007ff9bbe90000 - 0x00007ff9bbea0000 	C:\Users\kcat5\.jdks\corretto-11.0.18\bin\verify.dll
0x00007ff9ca320000 - 0x00007ff9ca504000 	C:\Windows\SYSTEM32\DBGHELP.DLL
0x00007ff9b0900000 - 0x00007ff9b0935000 	C:\Windows\SYSTEM32\dbgcore.DLL
0x00007ff9cbf70000 - 0x00007ff9cbff2000 	C:\Windows\System32\bcryptPrimitives.dll
0x00007ff9ba590000 - 0x00007ff9ba5b8000 	C:\Users\kcat5\.jdks\corretto-11.0.18\bin\java.dll
0x00007ff9bbda0000 - 0x00007ff9bbdaa000 	C:\Users\kcat5\.jdks\corretto-11.0.18\bin\jimage.dll
0x00007ff9c3f90000 - 0x00007ff9c3f9e000 	C:\Users\kcat5\.jdks\corretto-11.0.18\bin\instrument.dll
0x00007ff9ba680000 - 0x00007ff9ba698000 	C:\Users\kcat5\.jdks\corretto-11.0.18\bin\zip.dll
0x00007ff9cdac0000 - 0x00007ff9ce205000 	C:\Windows\System32\SHELL32.dll
0x00007ff9c9ab0000 - 0x00007ff9ca242000 	C:\Windows\SYSTEM32\windows.storage.dll
0x00007ff9ccd90000 - 0x00007ff9cd0e5000 	C:\Windows\System32\combase.dll
0x00007ff9cb7b0000 - 0x00007ff9cb7e0000 	C:\Windows\SYSTEM32\Wldp.dll
0x00007ff9cca10000 - 0x00007ff9ccabd000 	C:\Windows\System32\SHCORE.dll
0x00007ff9cd660000 - 0x00007ff9cd6b5000 	C:\Windows\System32\shlwapi.dll
0x00007ff9cbd00000 - 0x00007ff9cbd1f000 	C:\Windows\SYSTEM32\profapi.dll
0x00007ff9b8450000 - 0x00007ff9b8469000 	C:\Users\kcat5\.jdks\corretto-11.0.18\bin\net.dll
0x00007ff9ba350000 - 0x00007ff9ba45a000 	C:\Windows\SYSTEM32\WINHTTP.dll
0x00007ff9cb4a0000 - 0x00007ff9cb50a000 	C:\Windows\system32\mswsock.dll
0x00007ff9b8430000 - 0x00007ff9b8443000 	C:\Users\kcat5\.jdks\corretto-11.0.18\bin\nio.dll
0x00007ff9c3220000 - 0x00007ff9c323a000 	C:\Program Files\JetBrains\IntelliJ IDEA Community Edition 2022.3.2\bin\breakgen64.dll

dbghelp: loaded successfully - version: 4.0.5 - missing functions: none
symbol engine: initialized successfully - sym options: 0x614 - pdb path: .;C:\Users\kcat5\.jdks\corretto-11.0.18\bin;C:\Windows\SYSTEM32;C:\Windows\WinSxS\amd64_microsoft.windows.common-controls_6595b64144ccf1df_6.0.19041.1110_none_60b5254171f9507e;C:\Users\kcat5\.jdks\corretto-11.0.18\bin\server;C:\Program Files\JetBrains\IntelliJ IDEA Community Edition 2022.3.2\bin

VM Arguments:
jvm_args: -ea -Didea.test.cyclic.buffer.size=1048576 -javaagent:C:\Program Files\JetBrains\IntelliJ IDEA Community Edition 2022.3.2\lib\idea_rt.jar=51306:C:\Program Files\JetBrains\IntelliJ IDEA Community Edition 2022.3.2\bin -Dfile.encoding=UTF-8 
java_command: com.intellij.rt.junit.JUnitStarter -ideVersion5 -junit5 ru.netology.javaqadiplom.SavingAccountTest,shouldNotAddBalanceAboveMaxBalance
java_class_path (initial): C:\Users\kcat5\.m2\repository\org\junit\platform\junit-platform-launcher\1.7.0\junit-platform-launcher-1.7.0.jar;C:\Program Files\JetBrains\IntelliJ IDEA Community Edition 2022.3.2\lib\idea_rt.jar;C:\Program Files\JetBrains\IntelliJ IDEA Community Edition 2022.3.2\plugins\junit\lib\junit5-rt.jar;C:\Program Files\JetBrains\IntelliJ IDEA Community Edition 2022.3.2\plugins\junit\lib\junit-rt.jar;C:\Users\kcat5\IdeaProjects\javaqa-team-diplom-2\target\test-classes;C:\Users\kcat5\IdeaProjects\javaqa-team-diplom-2\target\classes;C:\Users\kcat5\.m2\repository\org\junit\jupiter\junit-jupiter\5.7.0\junit-jupiter-5.7.0.jar;C:\Users\kcat5\.m2\repository\org\junit\jupiter\junit-jupiter-api\5.7.0\junit-jupiter-api-5.7.0.jar;C:\Users\kcat5\.m2\repository\org\apiguardian\apiguardian-api\1.1.0\apiguardian-api-1.1.0.jar;C:\Users\kcat5\.m2\repository\org\opentest4j\opentest4j\1.2.0\opentest4j-1.2.0.jar;C:\Users\kcat5\.m2\repository\org\junit\platform\junit-platform-commons\1.7.0\junit-platform-commons-1.7.0.jar;C:\Users\kcat5\.m2\repository\org\junit\jupiter\junit-jupiter-params\5.7.0\junit-jupiter-params-5.7.0.jar;C:\Users\kcat5\.m2\repository\org\junit\jupiter\junit-jupiter-engine\5.7.0\junit-jupiter-engine-5.7.0.jar;C:\Users\kcat5\.m2\repository\org\junit\platform\junit-platform-engine\1.7.0\junit-platform-engine-1.7.0.jar
Launcher Type: SUN_STANDARD

[Global flags]
     intx CICompilerCount                          = 2                                         {product} {ergonomic}
     uint ConcGCThreads                            = 1                                         {product} {ergonomic}
     uint G1ConcRefinementThreads                  = 2                                         {product} {ergonomic}
   size_t G1HeapRegionSize                         = 1048576                                   {product} {ergonomic}
    uintx GCDrainStackTargetSize                   = 64                                        {product} {ergonomic}
   size_t InitialHeapSize                          = 65011712                                  {product} {ergonomic}
   size_t MarkStackSize                            = 4194304                                   {product} {ergonomic}
   size_t MaxHeapSize                              = 1027604480                                {product} {ergonomic}
   size_t MaxNewSize                               = 616562688                                 {product} {ergonomic}
   size_t MinHeapDeltaBytes                        = 1048576                                   {product} {ergonomic}
    uintx NonNMethodCodeHeapSize                   = 5825164                                {pd product} {ergonomic}
    uintx NonProfiledCodeHeapSize                  = 122916538                              {pd product} {ergonomic}
    uintx ProfiledCodeHeapSize                     = 122916538                              {pd product} {ergonomic}
    uintx ReservedCodeCacheSize                    = 251658240                              {pd product} {ergonomic}
     bool SegmentedCodeCache                       = true                                      {product} {ergonomic}
     bool UseCompressedClassPointers               = true                                 {lp64_product} {ergonomic}
     bool UseCompressedOops                        = true                                 {lp64_product} {ergonomic}
     bool UseG1GC                                  = true                                      {product} {ergonomic}
     bool UseLargePagesIndividualAllocation        = false                                  {pd product} {ergonomic}

Logging:
Log output configuration:
 #0: stdout all=warning uptime,level,tags
 #1: stderr all=off uptime,level,tags

Environment Variables:
PATH=C:\Program Files\Eclipse Adoptium\jdk-11.0.17.8-hotspot\bin;C:\Windows\system32;C:\Windows;C:\Windows\System32\Wbem;C:\Windows\System32\WindowsPowerShell\v1.0\;C:\Windows\System32\OpenSSH\;C:\Program Files (x86)\dotnet\;C:\Program Files\Git\cmd;C:\platform-tools;
USERNAME=kcat5
OS=Windows_NT
PROCESSOR_IDENTIFIER=Intel64 Family 6 Model 122 Stepping 8, GenuineIntel
TMP=C:\Users\kcat5\AppData\Local\Temp
TEMP=C:\Users\kcat5\AppData\Local\Temp



---------------  S Y S T E M  ---------------

OS: Windows 10 , 64 bit Build 19041 (10.0.19041.2546)
OS uptime: 23 days 14:38 hours

CPU:total 2 (initial active 2) (2 cores per cpu, 1 threads per core) family 6 model 122 stepping 8 microcode 0x16, cmov, cx8, fxsr, mmx, sse, sse2, sse3, ssse3, sse4.1, sse4.2, popcnt, aes, clmul, erms, 3dnowpref, tsc, tscinvbit, sha

Memory: 4k page, system-wide physical 3918M (199M free)
TotalPageFile size 15694M (AvailPageFile size 3M)
current process WorkingSet (physical memory assigned to process): 51M, peak: 51M
current process commit charge ("private bytes"): 134M, peak: 134M

vm_info: OpenJDK 64-Bit Server VM (11.0.18+10-LTS) for windows-amd64 JRE (11.0.18+10-LTS), built on Jan 10 2023 20:17:52 by "Administrator" with MS VC++ 15.9 (VS2017)

END.
